
AVRASM ver. 2.1.30  C:\Users\Florin\Desktop\v1\cc1.asm Tue May 28 12:54:14 2024

C:\Users\Florin\Desktop\v1\cc1.asm(1092): warning: Register r3 already defined by the .DEF directive
C:\Users\Florin\Desktop\v1\cc1.asm(1093): warning: Register r2 already defined by the .DEF directive
C:\Users\Florin\Desktop\v1\cc1.asm(1094): warning: Register r5 already defined by the .DEF directive
C:\Users\Florin\Desktop\v1\cc1.asm(1095): warning: Register r4 already defined by the .DEF directive
C:\Users\Florin\Desktop\v1\cc1.asm(1096): warning: Register r7 already defined by the .DEF directive
C:\Users\Florin\Desktop\v1\cc1.asm(1097): warning: Register r6 already defined by the .DEF directive
                 
                 
                 ;CodeVisionAVR C Compiler V3.12 Advanced
                 ;(C) Copyright 1998-2014 Pavel Haiduc, HP InfoTech s.r.l.
                 ;http://www.hpinfotech.com
                 
                 ;Build configuration    : Release
                 ;Chip type              : ATmega164A
                 ;Program type           : Application
                 ;Clock frequency        : 20,000000 MHz
                 ;Memory model           : Small
                 ;Optimize for           : Size
                 ;(s)printf features     : int, width
                 ;(s)scanf features      : int, width
                 ;External RAM size      : 0
                 ;Data Stack size        : 256 byte(s)
                 ;Heap size              : 0 byte(s)
                 ;Promote 'char' to 'int': No
                 ;'char' is unsigned     : No
                 ;8 bit enums            : Yes
                 ;Global 'const' stored in FLASH: No
                 ;Enhanced function parameter passing: Yes
                 ;Enhanced core instructions: On
                 ;Automatic register allocation for global variables: On
                 ;Smart register allocation: On
                 
                 	#define _MODEL_SMALL_
                 
                 	#pragma AVRPART ADMIN PART_NAME ATmega164A
                 	#pragma AVRPART MEMORY PROG_FLASH 16384
                 	#pragma AVRPART MEMORY EEPROM 512
                 	#pragma AVRPART MEMORY INT_SRAM SIZE 1024
                 	#pragma AVRPART MEMORY INT_SRAM START_ADDR 0x100
                 
                 	#define CALL_SUPPORTED 1
                 
                 	.LISTMAC
                 	.EQU EERE=0x0
                 	.EQU EEWE=0x1
                 	.EQU EEMWE=0x2
                 	.EQU UDRE=0x5
                 	.EQU RXC=0x7
                 	.EQU EECR=0x1F
                 	.EQU EEDR=0x20
                 	.EQU EEARL=0x21
                 	.EQU EEARH=0x22
                 	.EQU SPSR=0x2D
                 	.EQU SPDR=0x2E
                 	.EQU SMCR=0x33
                 	.EQU MCUSR=0x34
                 	.EQU MCUCR=0x35
                 	.EQU WDTCSR=0x60
                 	.EQU UCSR0A=0xC0
                 	.EQU UDR0=0xC6
                 	.EQU SPL=0x3D
                 	.EQU SPH=0x3E
                 	.EQU SREG=0x3F
                 	.EQU GPIOR0=0x1E
                 	.EQU GPIOR1=0x2A
                 	.EQU GPIOR2=0x2B
                 
                 	.DEF R0X0=R0
                 	.DEF R0X1=R1
                 	.DEF R0X2=R2
                 	.DEF R0X3=R3
                 	.DEF R0X4=R4
                 	.DEF R0X5=R5
                 	.DEF R0X6=R6
                 	.DEF R0X7=R7
                 	.DEF R0X8=R8
                 	.DEF R0X9=R9
                 	.DEF R0XA=R10
                 	.DEF R0XB=R11
                 	.DEF R0XC=R12
                 	.DEF R0XD=R13
                 	.DEF R0XE=R14
                 	.DEF R0XF=R15
                 	.DEF R0X10=R16
                 	.DEF R0X11=R17
                 	.DEF R0X12=R18
                 	.DEF R0X13=R19
                 	.DEF R0X14=R20
                 	.DEF R0X15=R21
                 	.DEF R0X16=R22
                 	.DEF R0X17=R23
                 	.DEF R0X18=R24
                 	.DEF R0X19=R25
                 	.DEF R0X1A=R26
                 	.DEF R0X1B=R27
                 	.DEF R0X1C=R28
                 	.DEF R0X1D=R29
                 	.DEF R0X1E=R30
                 	.DEF R0X1F=R31
                 
                 	.EQU __SRAM_START=0x0100
                 	.EQU __SRAM_END=0x04FF
                 	.EQU __DSTACK_SIZE=0x0100
                 	.EQU __HEAP_SIZE=0x0000
                 	.EQU __CLEAR_SRAM_SIZE=__SRAM_END-__SRAM_START+1
                 
                 	.MACRO __CPD1N
                 	CPI  R30,LOW(@0)
                 	LDI  R26,HIGH(@0)
                 	CPC  R31,R26
                 	LDI  R26,BYTE3(@0)
                 	CPC  R22,R26
                 	LDI  R26,BYTE4(@0)
                 	CPC  R23,R26
                 	.ENDM
                 
                 	.MACRO __CPD2N
                 	CPI  R26,LOW(@0)
                 	LDI  R30,HIGH(@0)
                 	CPC  R27,R30
                 	LDI  R30,BYTE3(@0)
                 	CPC  R24,R30
                 	LDI  R30,BYTE4(@0)
                 	CPC  R25,R30
                 	.ENDM
                 
                 	.MACRO __CPWRR
                 	CP   R@0,R@2
                 	CPC  R@1,R@3
                 	.ENDM
                 
                 	.MACRO __CPWRN
                 	CPI  R@0,LOW(@2)
                 	LDI  R30,HIGH(@2)
                 	CPC  R@1,R30
                 	.ENDM
                 
                 	.MACRO __ADDB1MN
                 	SUBI R30,LOW(-@0-(@1))
                 	.ENDM
                 
                 	.MACRO __ADDB2MN
                 	SUBI R26,LOW(-@0-(@1))
                 	.ENDM
                 
                 	.MACRO __ADDW1MN
                 	SUBI R30,LOW(-@0-(@1))
                 	SBCI R31,HIGH(-@0-(@1))
                 	.ENDM
                 
                 	.MACRO __ADDW2MN
                 	SUBI R26,LOW(-@0-(@1))
                 	SBCI R27,HIGH(-@0-(@1))
                 	.ENDM
                 
                 	.MACRO __ADDW1FN
                 	SUBI R30,LOW(-2*@0-(@1))
                 	SBCI R31,HIGH(-2*@0-(@1))
                 	.ENDM
                 
                 	.MACRO __ADDD1FN
                 	SUBI R30,LOW(-2*@0-(@1))
                 	SBCI R31,HIGH(-2*@0-(@1))
                 	SBCI R22,BYTE3(-2*@0-(@1))
                 	.ENDM
                 
                 	.MACRO __ADDD1N
                 	SUBI R30,LOW(-@0)
                 	SBCI R31,HIGH(-@0)
                 	SBCI R22,BYTE3(-@0)
                 	SBCI R23,BYTE4(-@0)
                 	.ENDM
                 
                 	.MACRO __ADDD2N
                 	SUBI R26,LOW(-@0)
                 	SBCI R27,HIGH(-@0)
                 	SBCI R24,BYTE3(-@0)
                 	SBCI R25,BYTE4(-@0)
                 	.ENDM
                 
                 	.MACRO __SUBD1N
                 	SUBI R30,LOW(@0)
                 	SBCI R31,HIGH(@0)
                 	SBCI R22,BYTE3(@0)
                 	SBCI R23,BYTE4(@0)
                 	.ENDM
                 
                 	.MACRO __SUBD2N
                 	SUBI R26,LOW(@0)
                 	SBCI R27,HIGH(@0)
                 	SBCI R24,BYTE3(@0)
                 	SBCI R25,BYTE4(@0)
                 	.ENDM
                 
                 	.MACRO __ANDBMNN
                 	LDS  R30,@0+(@1)
                 	ANDI R30,LOW(@2)
                 	STS  @0+(@1),R30
                 	.ENDM
                 
                 	.MACRO __ANDWMNN
                 	LDS  R30,@0+(@1)
                 	ANDI R30,LOW(@2)
                 	STS  @0+(@1),R30
                 	LDS  R30,@0+(@1)+1
                 	ANDI R30,HIGH(@2)
                 	STS  @0+(@1)+1,R30
                 	.ENDM
                 
                 	.MACRO __ANDD1N
                 	ANDI R30,LOW(@0)
                 	ANDI R31,HIGH(@0)
                 	ANDI R22,BYTE3(@0)
                 	ANDI R23,BYTE4(@0)
                 	.ENDM
                 
                 	.MACRO __ANDD2N
                 	ANDI R26,LOW(@0)
                 	ANDI R27,HIGH(@0)
                 	ANDI R24,BYTE3(@0)
                 	ANDI R25,BYTE4(@0)
                 	.ENDM
                 
                 	.MACRO __ORBMNN
                 	LDS  R30,@0+(@1)
                 	ORI  R30,LOW(@2)
                 	STS  @0+(@1),R30
                 	.ENDM
                 
                 	.MACRO __ORWMNN
                 	LDS  R30,@0+(@1)
                 	ORI  R30,LOW(@2)
                 	STS  @0+(@1),R30
                 	LDS  R30,@0+(@1)+1
                 	ORI  R30,HIGH(@2)
                 	STS  @0+(@1)+1,R30
                 	.ENDM
                 
                 	.MACRO __ORD1N
                 	ORI  R30,LOW(@0)
                 	ORI  R31,HIGH(@0)
                 	ORI  R22,BYTE3(@0)
                 	ORI  R23,BYTE4(@0)
                 	.ENDM
                 
                 	.MACRO __ORD2N
                 	ORI  R26,LOW(@0)
                 	ORI  R27,HIGH(@0)
                 	ORI  R24,BYTE3(@0)
                 	ORI  R25,BYTE4(@0)
                 	.ENDM
                 
                 	.MACRO __DELAY_USB
                 	LDI  R24,LOW(@0)
                 __DELAY_USB_LOOP:
                 	DEC  R24
                 	BRNE __DELAY_USB_LOOP
                 	.ENDM
                 
                 	.MACRO __DELAY_USW
                 	LDI  R24,LOW(@0)
                 	LDI  R25,HIGH(@0)
                 __DELAY_USW_LOOP:
                 	SBIW R24,1
                 	BRNE __DELAY_USW_LOOP
                 	.ENDM
                 
                 	.MACRO __GETD1S
                 	LDD  R30,Y+@0
                 	LDD  R31,Y+@0+1
                 	LDD  R22,Y+@0+2
                 	LDD  R23,Y+@0+3
                 	.ENDM
                 
                 	.MACRO __GETD2S
                 	LDD  R26,Y+@0
                 	LDD  R27,Y+@0+1
                 	LDD  R24,Y+@0+2
                 	LDD  R25,Y+@0+3
                 	.ENDM
                 
                 	.MACRO __PUTD1S
                 	STD  Y+@0,R30
                 	STD  Y+@0+1,R31
                 	STD  Y+@0+2,R22
                 	STD  Y+@0+3,R23
                 	.ENDM
                 
                 	.MACRO __PUTD2S
                 	STD  Y+@0,R26
                 	STD  Y+@0+1,R27
                 	STD  Y+@0+2,R24
                 	STD  Y+@0+3,R25
                 	.ENDM
                 
                 	.MACRO __PUTDZ2
                 	STD  Z+@0,R26
                 	STD  Z+@0+1,R27
                 	STD  Z+@0+2,R24
                 	STD  Z+@0+3,R25
                 	.ENDM
                 
                 	.MACRO __CLRD1S
                 	STD  Y+@0,R30
                 	STD  Y+@0+1,R30
                 	STD  Y+@0+2,R30
                 	STD  Y+@0+3,R30
                 	.ENDM
                 
                 	.MACRO __POINTB1MN
                 	LDI  R30,LOW(@0+(@1))
                 	.ENDM
                 
                 	.MACRO __POINTW1MN
                 	LDI  R30,LOW(@0+(@1))
                 	LDI  R31,HIGH(@0+(@1))
                 	.ENDM
                 
                 	.MACRO __POINTD1M
                 	LDI  R30,LOW(@0)
                 	LDI  R31,HIGH(@0)
                 	LDI  R22,BYTE3(@0)
                 	LDI  R23,BYTE4(@0)
                 	.ENDM
                 
                 	.MACRO __POINTW1FN
                 	LDI  R30,LOW(2*@0+(@1))
                 	LDI  R31,HIGH(2*@0+(@1))
                 	.ENDM
                 
                 	.MACRO __POINTD1FN
                 	LDI  R30,LOW(2*@0+(@1))
                 	LDI  R31,HIGH(2*@0+(@1))
                 	LDI  R22,BYTE3(2*@0+(@1))
                 	LDI  R23,BYTE4(2*@0+(@1))
                 	.ENDM
                 
                 	.MACRO __POINTB2MN
                 	LDI  R26,LOW(@0+(@1))
                 	.ENDM
                 
                 	.MACRO __POINTW2MN
                 	LDI  R26,LOW(@0+(@1))
                 	LDI  R27,HIGH(@0+(@1))
                 	.ENDM
                 
                 	.MACRO __POINTW2FN
                 	LDI  R26,LOW(2*@0+(@1))
                 	LDI  R27,HIGH(2*@0+(@1))
                 	.ENDM
                 
                 	.MACRO __POINTD2FN
                 	LDI  R26,LOW(2*@0+(@1))
                 	LDI  R27,HIGH(2*@0+(@1))
                 	LDI  R24,BYTE3(2*@0+(@1))
                 	LDI  R25,BYTE4(2*@0+(@1))
                 	.ENDM
                 
                 	.MACRO __POINTBRM
                 	LDI  R@0,LOW(@1)
                 	.ENDM
                 
                 	.MACRO __POINTWRM
                 	LDI  R@0,LOW(@2)
                 	LDI  R@1,HIGH(@2)
                 	.ENDM
                 
                 	.MACRO __POINTBRMN
                 	LDI  R@0,LOW(@1+(@2))
                 	.ENDM
                 
                 	.MACRO __POINTWRMN
                 	LDI  R@0,LOW(@2+(@3))
                 	LDI  R@1,HIGH(@2+(@3))
                 	.ENDM
                 
                 	.MACRO __POINTWRFN
                 	LDI  R@0,LOW(@2*2+(@3))
                 	LDI  R@1,HIGH(@2*2+(@3))
                 	.ENDM
                 
                 	.MACRO __GETD1N
                 	LDI  R30,LOW(@0)
                 	LDI  R31,HIGH(@0)
                 	LDI  R22,BYTE3(@0)
                 	LDI  R23,BYTE4(@0)
                 	.ENDM
                 
                 	.MACRO __GETD2N
                 	LDI  R26,LOW(@0)
                 	LDI  R27,HIGH(@0)
                 	LDI  R24,BYTE3(@0)
                 	LDI  R25,BYTE4(@0)
                 	.ENDM
                 
                 	.MACRO __GETB1MN
                 	LDS  R30,@0+(@1)
                 	.ENDM
                 
                 	.MACRO __GETB1HMN
                 	LDS  R31,@0+(@1)
                 	.ENDM
                 
                 	.MACRO __GETW1MN
                 	LDS  R30,@0+(@1)
                 	LDS  R31,@0+(@1)+1
                 	.ENDM
                 
                 	.MACRO __GETD1MN
                 	LDS  R30,@0+(@1)
                 	LDS  R31,@0+(@1)+1
                 	LDS  R22,@0+(@1)+2
                 	LDS  R23,@0+(@1)+3
                 	.ENDM
                 
                 	.MACRO __GETBRMN
                 	LDS  R@0,@1+(@2)
                 	.ENDM
                 
                 	.MACRO __GETWRMN
                 	LDS  R@0,@2+(@3)
                 	LDS  R@1,@2+(@3)+1
                 	.ENDM
                 
                 	.MACRO __GETWRZ
                 	LDD  R@0,Z+@2
                 	LDD  R@1,Z+@2+1
                 	.ENDM
                 
                 	.MACRO __GETD2Z
                 	LDD  R26,Z+@0
                 	LDD  R27,Z+@0+1
                 	LDD  R24,Z+@0+2
                 	LDD  R25,Z+@0+3
                 	.ENDM
                 
                 	.MACRO __GETB2MN
                 	LDS  R26,@0+(@1)
                 	.ENDM
                 
                 	.MACRO __GETW2MN
                 	LDS  R26,@0+(@1)
                 	LDS  R27,@0+(@1)+1
                 	.ENDM
                 
                 	.MACRO __GETD2MN
                 	LDS  R26,@0+(@1)
                 	LDS  R27,@0+(@1)+1
                 	LDS  R24,@0+(@1)+2
                 	LDS  R25,@0+(@1)+3
                 	.ENDM
                 
                 	.MACRO __PUTB1MN
                 	STS  @0+(@1),R30
                 	.ENDM
                 
                 	.MACRO __PUTW1MN
                 	STS  @0+(@1),R30
                 	STS  @0+(@1)+1,R31
                 	.ENDM
                 
                 	.MACRO __PUTD1MN
                 	STS  @0+(@1),R30
                 	STS  @0+(@1)+1,R31
                 	STS  @0+(@1)+2,R22
                 	STS  @0+(@1)+3,R23
                 	.ENDM
                 
                 	.MACRO __PUTB1EN
                 	LDI  R26,LOW(@0+(@1))
                 	LDI  R27,HIGH(@0+(@1))
                 	CALL __EEPROMWRB
                 	.ENDM
                 
                 	.MACRO __PUTW1EN
                 	LDI  R26,LOW(@0+(@1))
                 	LDI  R27,HIGH(@0+(@1))
                 	CALL __EEPROMWRW
                 	.ENDM
                 
                 	.MACRO __PUTD1EN
                 	LDI  R26,LOW(@0+(@1))
                 	LDI  R27,HIGH(@0+(@1))
                 	CALL __EEPROMWRD
                 	.ENDM
                 
                 	.MACRO __PUTBR0MN
                 	STS  @0+(@1),R0
                 	.ENDM
                 
                 	.MACRO __PUTBMRN
                 	STS  @0+(@1),R@2
                 	.ENDM
                 
                 	.MACRO __PUTWMRN
                 	STS  @0+(@1),R@2
                 	STS  @0+(@1)+1,R@3
                 	.ENDM
                 
                 	.MACRO __PUTBZR
                 	STD  Z+@1,R@0
                 	.ENDM
                 
                 	.MACRO __PUTWZR
                 	STD  Z+@2,R@0
                 	STD  Z+@2+1,R@1
                 	.ENDM
                 
                 	.MACRO __GETW1R
                 	MOV  R30,R@0
                 	MOV  R31,R@1
                 	.ENDM
                 
                 	.MACRO __GETW2R
                 	MOV  R26,R@0
                 	MOV  R27,R@1
                 	.ENDM
                 
                 	.MACRO __GETWRN
                 	LDI  R@0,LOW(@2)
                 	LDI  R@1,HIGH(@2)
                 	.ENDM
                 
                 	.MACRO __PUTW1R
                 	MOV  R@0,R30
                 	MOV  R@1,R31
                 	.ENDM
                 
                 	.MACRO __PUTW2R
                 	MOV  R@0,R26
                 	MOV  R@1,R27
                 	.ENDM
                 
                 	.MACRO __ADDWRN
                 	SUBI R@0,LOW(-@2)
                 	SBCI R@1,HIGH(-@2)
                 	.ENDM
                 
                 	.MACRO __ADDWRR
                 	ADD  R@0,R@2
                 	ADC  R@1,R@3
                 	.ENDM
                 
                 	.MACRO __SUBWRN
                 	SUBI R@0,LOW(@2)
                 	SBCI R@1,HIGH(@2)
                 	.ENDM
                 
                 	.MACRO __SUBWRR
                 	SUB  R@0,R@2
                 	SBC  R@1,R@3
                 	.ENDM
                 
                 	.MACRO __ANDWRN
                 	ANDI R@0,LOW(@2)
                 	ANDI R@1,HIGH(@2)
                 	.ENDM
                 
                 	.MACRO __ANDWRR
                 	AND  R@0,R@2
                 	AND  R@1,R@3
                 	.ENDM
                 
                 	.MACRO __ORWRN
                 	ORI  R@0,LOW(@2)
                 	ORI  R@1,HIGH(@2)
                 	.ENDM
                 
                 	.MACRO __ORWRR
                 	OR   R@0,R@2
                 	OR   R@1,R@3
                 	.ENDM
                 
                 	.MACRO __EORWRR
                 	EOR  R@0,R@2
                 	EOR  R@1,R@3
                 	.ENDM
                 
                 	.MACRO __GETWRS
                 	LDD  R@0,Y+@2
                 	LDD  R@1,Y+@2+1
                 	.ENDM
                 
                 	.MACRO __PUTBSR
                 	STD  Y+@1,R@0
                 	.ENDM
                 
                 	.MACRO __PUTWSR
                 	STD  Y+@2,R@0
                 	STD  Y+@2+1,R@1
                 	.ENDM
                 
                 	.MACRO __MOVEWRR
                 	MOV  R@0,R@2
                 	MOV  R@1,R@3
                 	.ENDM
                 
                 	.MACRO __INWR
                 	IN   R@0,@2
                 	IN   R@1,@2+1
                 	.ENDM
                 
                 	.MACRO __OUTWR
                 	OUT  @2+1,R@1
                 	OUT  @2,R@0
                 	.ENDM
                 
                 	.MACRO __CALL1MN
                 	LDS  R30,@0+(@1)
                 	LDS  R31,@0+(@1)+1
                 	ICALL
                 	.ENDM
                 
                 	.MACRO __CALL1FN
                 	LDI  R30,LOW(2*@0+(@1))
                 	LDI  R31,HIGH(2*@0+(@1))
                 	CALL __GETW1PF
                 	ICALL
                 	.ENDM
                 
                 	.MACRO __CALL2EN
                 	PUSH R26
                 	PUSH R27
                 	LDI  R26,LOW(@0+(@1))
                 	LDI  R27,HIGH(@0+(@1))
                 	CALL __EEPROMRDW
                 	POP  R27
                 	POP  R26
                 	ICALL
                 	.ENDM
                 
                 	.MACRO __CALL2EX
                 	SUBI R26,LOW(-@0)
                 	SBCI R27,HIGH(-@0)
                 	CALL __EEPROMRDD
                 	ICALL
                 	.ENDM
                 
                 	.MACRO __GETW1STACK
                 	IN   R30,SPL
                 	IN   R31,SPH
                 	ADIW R30,@0+1
                 	LD   R0,Z+
                 	LD   R31,Z
                 	MOV  R30,R0
                 	.ENDM
                 
                 	.MACRO __GETD1STACK
                 	IN   R30,SPL
                 	IN   R31,SPH
                 	ADIW R30,@0+1
                 	LD   R0,Z+
                 	LD   R1,Z+
                 	LD   R22,Z
                 	MOVW R30,R0
                 	.ENDM
                 
                 	.MACRO __NBST
                 	BST  R@0,@1
                 	IN   R30,SREG
                 	LDI  R31,0x40
                 	EOR  R30,R31
                 	OUT  SREG,R30
                 	.ENDM
                 
                 
                 	.MACRO __PUTB1SN
                 	LDD  R26,Y+@0
                 	LDD  R27,Y+@0+1
                 	SUBI R26,LOW(-@1)
                 	SBCI R27,HIGH(-@1)
                 	ST   X,R30
                 	.ENDM
                 
                 	.MACRO __PUTW1SN
                 	LDD  R26,Y+@0
                 	LDD  R27,Y+@0+1
                 	SUBI R26,LOW(-@1)
                 	SBCI R27,HIGH(-@1)
                 	ST   X+,R30
                 	ST   X,R31
                 	.ENDM
                 
                 	.MACRO __PUTD1SN
                 	LDD  R26,Y+@0
                 	LDD  R27,Y+@0+1
                 	SUBI R26,LOW(-@1)
                 	SBCI R27,HIGH(-@1)
                 	CALL __PUTDP1
                 	.ENDM
                 
                 	.MACRO __PUTB1SNS
                 	LDD  R26,Y+@0
                 	LDD  R27,Y+@0+1
                 	ADIW R26,@1
                 	ST   X,R30
                 	.ENDM
                 
                 	.MACRO __PUTW1SNS
                 	LDD  R26,Y+@0
                 	LDD  R27,Y+@0+1
                 	ADIW R26,@1
                 	ST   X+,R30
                 	ST   X,R31
                 	.ENDM
                 
                 	.MACRO __PUTD1SNS
                 	LDD  R26,Y+@0
                 	LDD  R27,Y+@0+1
                 	ADIW R26,@1
                 	CALL __PUTDP1
                 	.ENDM
                 
                 	.MACRO __PUTB1PMN
                 	LDS  R26,@0
                 	LDS  R27,@0+1
                 	SUBI R26,LOW(-@1)
                 	SBCI R27,HIGH(-@1)
                 	ST   X,R30
                 	.ENDM
                 
                 	.MACRO __PUTW1PMN
                 	LDS  R26,@0
                 	LDS  R27,@0+1
                 	SUBI R26,LOW(-@1)
                 	SBCI R27,HIGH(-@1)
                 	ST   X+,R30
                 	ST   X,R31
                 	.ENDM
                 
                 	.MACRO __PUTD1PMN
                 	LDS  R26,@0
                 	LDS  R27,@0+1
                 	SUBI R26,LOW(-@1)
                 	SBCI R27,HIGH(-@1)
                 	CALL __PUTDP1
                 	.ENDM
                 
                 	.MACRO __PUTB1PMNS
                 	LDS  R26,@0
                 	LDS  R27,@0+1
                 	ADIW R26,@1
                 	ST   X,R30
                 	.ENDM
                 
                 	.MACRO __PUTW1PMNS
                 	LDS  R26,@0
                 	LDS  R27,@0+1
                 	ADIW R26,@1
                 	ST   X+,R30
                 	ST   X,R31
                 	.ENDM
                 
                 	.MACRO __PUTD1PMNS
                 	LDS  R26,@0
                 	LDS  R27,@0+1
                 	ADIW R26,@1
                 	CALL __PUTDP1
                 	.ENDM
                 
                 	.MACRO __PUTB1RN
                 	MOVW R26,R@0
                 	SUBI R26,LOW(-@1)
                 	SBCI R27,HIGH(-@1)
                 	ST   X,R30
                 	.ENDM
                 
                 	.MACRO __PUTW1RN
                 	MOVW R26,R@0
                 	SUBI R26,LOW(-@1)
                 	SBCI R27,HIGH(-@1)
                 	ST   X+,R30
                 	ST   X,R31
                 	.ENDM
                 
                 	.MACRO __PUTD1RN
                 	MOVW R26,R@0
                 	SUBI R26,LOW(-@1)
                 	SBCI R27,HIGH(-@1)
                 	CALL __PUTDP1
                 	.ENDM
                 
                 	.MACRO __PUTB1RNS
                 	MOVW R26,R@0
                 	ADIW R26,@1
                 	ST   X,R30
                 	.ENDM
                 
                 	.MACRO __PUTW1RNS
                 	MOVW R26,R@0
                 	ADIW R26,@1
                 	ST   X+,R30
                 	ST   X,R31
                 	.ENDM
                 
                 	.MACRO __PUTD1RNS
                 	MOVW R26,R@0
                 	ADIW R26,@1
                 	CALL __PUTDP1
                 	.ENDM
                 
                 	.MACRO __PUTB1RON
                 	MOV  R26,R@0
                 	MOV  R27,R@1
                 	SUBI R26,LOW(-@2)
                 	SBCI R27,HIGH(-@2)
                 	ST   X,R30
                 	.ENDM
                 
                 	.MACRO __PUTW1RON
                 	MOV  R26,R@0
                 	MOV  R27,R@1
                 	SUBI R26,LOW(-@2)
                 	SBCI R27,HIGH(-@2)
                 	ST   X+,R30
                 	ST   X,R31
                 	.ENDM
                 
                 	.MACRO __PUTD1RON
                 	MOV  R26,R@0
                 	MOV  R27,R@1
                 	SUBI R26,LOW(-@2)
                 	SBCI R27,HIGH(-@2)
                 	CALL __PUTDP1
                 	.ENDM
                 
                 	.MACRO __PUTB1RONS
                 	MOV  R26,R@0
                 	MOV  R27,R@1
                 	ADIW R26,@2
                 	ST   X,R30
                 	.ENDM
                 
                 	.MACRO __PUTW1RONS
                 	MOV  R26,R@0
                 	MOV  R27,R@1
                 	ADIW R26,@2
                 	ST   X+,R30
                 	ST   X,R31
                 	.ENDM
                 
                 	.MACRO __PUTD1RONS
                 	MOV  R26,R@0
                 	MOV  R27,R@1
                 	ADIW R26,@2
                 	CALL __PUTDP1
                 	.ENDM
                 
                 
                 	.MACRO __GETB1SX
                 	MOVW R30,R28
                 	SUBI R30,LOW(-@0)
                 	SBCI R31,HIGH(-@0)
                 	LD   R30,Z
                 	.ENDM
                 
                 	.MACRO __GETB1HSX
                 	MOVW R30,R28
                 	SUBI R30,LOW(-@0)
                 	SBCI R31,HIGH(-@0)
                 	LD   R31,Z
                 	.ENDM
                 
                 	.MACRO __GETW1SX
                 	MOVW R30,R28
                 	SUBI R30,LOW(-@0)
                 	SBCI R31,HIGH(-@0)
                 	LD   R0,Z+
                 	LD   R31,Z
                 	MOV  R30,R0
                 	.ENDM
                 
                 	.MACRO __GETD1SX
                 	MOVW R30,R28
                 	SUBI R30,LOW(-@0)
                 	SBCI R31,HIGH(-@0)
                 	LD   R0,Z+
                 	LD   R1,Z+
                 	LD   R22,Z+
                 	LD   R23,Z
                 	MOVW R30,R0
                 	.ENDM
                 
                 	.MACRO __GETB2SX
                 	MOVW R26,R28
                 	SUBI R26,LOW(-@0)
                 	SBCI R27,HIGH(-@0)
                 	LD   R26,X
                 	.ENDM
                 
                 	.MACRO __GETW2SX
                 	MOVW R26,R28
                 	SUBI R26,LOW(-@0)
                 	SBCI R27,HIGH(-@0)
                 	LD   R0,X+
                 	LD   R27,X
                 	MOV  R26,R0
                 	.ENDM
                 
                 	.MACRO __GETD2SX
                 	MOVW R26,R28
                 	SUBI R26,LOW(-@0)
                 	SBCI R27,HIGH(-@0)
                 	LD   R0,X+
                 	LD   R1,X+
                 	LD   R24,X+
                 	LD   R25,X
                 	MOVW R26,R0
                 	.ENDM
                 
                 	.MACRO __GETBRSX
                 	MOVW R30,R28
                 	SUBI R30,LOW(-@1)
                 	SBCI R31,HIGH(-@1)
                 	LD   R@0,Z
                 	.ENDM
                 
                 	.MACRO __GETWRSX
                 	MOVW R30,R28
                 	SUBI R30,LOW(-@2)
                 	SBCI R31,HIGH(-@2)
                 	LD   R@0,Z+
                 	LD   R@1,Z
                 	.ENDM
                 
                 	.MACRO __GETBRSX2
                 	MOVW R26,R28
                 	SUBI R26,LOW(-@1)
                 	SBCI R27,HIGH(-@1)
                 	LD   R@0,X
                 	.ENDM
                 
                 	.MACRO __GETWRSX2
                 	MOVW R26,R28
                 	SUBI R26,LOW(-@2)
                 	SBCI R27,HIGH(-@2)
                 	LD   R@0,X+
                 	LD   R@1,X
                 	.ENDM
                 
                 	.MACRO __LSLW8SX
                 	MOVW R30,R28
                 	SUBI R30,LOW(-@0)
                 	SBCI R31,HIGH(-@0)
                 	LD   R31,Z
                 	CLR  R30
                 	.ENDM
                 
                 	.MACRO __PUTB1SX
                 	MOVW R26,R28
                 	SUBI R26,LOW(-@0)
                 	SBCI R27,HIGH(-@0)
                 	ST   X,R30
                 	.ENDM
                 
                 	.MACRO __PUTW1SX
                 	MOVW R26,R28
                 	SUBI R26,LOW(-@0)
                 	SBCI R27,HIGH(-@0)
                 	ST   X+,R30
                 	ST   X,R31
                 	.ENDM
                 
                 	.MACRO __PUTD1SX
                 	MOVW R26,R28
                 	SUBI R26,LOW(-@0)
                 	SBCI R27,HIGH(-@0)
                 	ST   X+,R30
                 	ST   X+,R31
                 	ST   X+,R22
                 	ST   X,R23
                 	.ENDM
                 
                 	.MACRO __CLRW1SX
                 	MOVW R26,R28
                 	SUBI R26,LOW(-@0)
                 	SBCI R27,HIGH(-@0)
                 	ST   X+,R30
                 	ST   X,R30
                 	.ENDM
                 
                 	.MACRO __CLRD1SX
                 	MOVW R26,R28
                 	SUBI R26,LOW(-@0)
                 	SBCI R27,HIGH(-@0)
                 	ST   X+,R30
                 	ST   X+,R30
                 	ST   X+,R30
                 	ST   X,R30
                 	.ENDM
                 
                 	.MACRO __PUTB2SX
                 	MOVW R30,R28
                 	SUBI R30,LOW(-@0)
                 	SBCI R31,HIGH(-@0)
                 	ST   Z,R26
                 	.ENDM
                 
                 	.MACRO __PUTW2SX
                 	MOVW R30,R28
                 	SUBI R30,LOW(-@0)
                 	SBCI R31,HIGH(-@0)
                 	ST   Z+,R26
                 	ST   Z,R27
                 	.ENDM
                 
                 	.MACRO __PUTD2SX
                 	MOVW R30,R28
                 	SUBI R30,LOW(-@0)
                 	SBCI R31,HIGH(-@0)
                 	ST   Z+,R26
                 	ST   Z+,R27
                 	ST   Z+,R24
                 	ST   Z,R25
                 	.ENDM
                 
                 	.MACRO __PUTBSRX
                 	MOVW R30,R28
                 	SUBI R30,LOW(-@1)
                 	SBCI R31,HIGH(-@1)
                 	ST   Z,R@0
                 	.ENDM
                 
                 	.MACRO __PUTWSRX
                 	MOVW R30,R28
                 	SUBI R30,LOW(-@2)
                 	SBCI R31,HIGH(-@2)
                 	ST   Z+,R@0
                 	ST   Z,R@1
                 	.ENDM
                 
                 	.MACRO __PUTB1SNX
                 	MOVW R26,R28
                 	SUBI R26,LOW(-@0)
                 	SBCI R27,HIGH(-@0)
                 	LD   R0,X+
                 	LD   R27,X
                 	MOV  R26,R0
                 	SUBI R26,LOW(-@1)
                 	SBCI R27,HIGH(-@1)
                 	ST   X,R30
                 	.ENDM
                 
                 	.MACRO __PUTW1SNX
                 	MOVW R26,R28
                 	SUBI R26,LOW(-@0)
                 	SBCI R27,HIGH(-@0)
                 	LD   R0,X+
                 	LD   R27,X
                 	MOV  R26,R0
                 	SUBI R26,LOW(-@1)
                 	SBCI R27,HIGH(-@1)
                 	ST   X+,R30
                 	ST   X,R31
                 	.ENDM
                 
                 	.MACRO __PUTD1SNX
                 	MOVW R26,R28
                 	SUBI R26,LOW(-@0)
                 	SBCI R27,HIGH(-@0)
                 	LD   R0,X+
                 	LD   R27,X
                 	MOV  R26,R0
                 	SUBI R26,LOW(-@1)
                 	SBCI R27,HIGH(-@1)
                 	ST   X+,R30
                 	ST   X+,R31
                 	ST   X+,R22
                 	ST   X,R23
                 	.ENDM
                 
                 	.MACRO __MULBRR
                 	MULS R@0,R@1
                 	MOVW R30,R0
                 	.ENDM
                 
                 	.MACRO __MULBRRU
                 	MUL  R@0,R@1
                 	MOVW R30,R0
                 	.ENDM
                 
                 	.MACRO __MULBRR0
                 	MULS R@0,R@1
                 	.ENDM
                 
                 	.MACRO __MULBRRU0
                 	MUL  R@0,R@1
                 	.ENDM
                 
                 	.MACRO __MULBNWRU
                 	LDI  R26,@2
                 	MUL  R26,R@0
                 	MOVW R30,R0
                 	MUL  R26,R@1
                 	ADD  R31,R0
                 	.ENDM
                 
                 ;NAME DEFINITIONS FOR GLOBAL VARIABLES ALLOCATED TO REGISTERS
                 	.DEF _rx_wr_index0=R3
                 	.DEF _rx_rd_index0=R2
                 	.DEF _rx_counter0=R5
                 	.DEF _tx_wr_index0=R4
                 	.DEF _tx_rd_index0=R7
                 	.DEF _tx_counter0=R6
                 
                 ;GPIOR0-GPIOR2 INITIALIZATION VALUES
                 	.EQU __GPIOR0_INIT=0x00
                 	.EQU __GPIOR1_INIT=0x00
                 	.EQU __GPIOR2_INIT=0x00
                 
                 	.CSEG
                 	.ORG 0x00
                 
                 ;START OF CODE MARKER
                 __START_OF_CODE:
                 
                 ;INTERRUPT VECTORS
000000 940c 0051 	JMP  __RESET
000002 940c 0000 	JMP  0x00
000004 940c 0000 	JMP  0x00
000006 940c 0000 	JMP  0x00
000008 940c 0000 	JMP  0x00
00000a 940c 0000 	JMP  0x00
00000c 940c 0000 	JMP  0x00
00000e 940c 0000 	JMP  0x00
000010 940c 0000 	JMP  0x00
000012 940c 0000 	JMP  0x00
000014 940c 0000 	JMP  0x00
000016 940c 0000 	JMP  0x00
000018 940c 0000 	JMP  0x00
00001a 940c 00e1 	JMP  _timer1_compa_isr
00001c 940c 0000 	JMP  0x00
00001e 940c 0000 	JMP  0x00
000020 940c 0000 	JMP  0x00
000022 940c 0000 	JMP  0x00
000024 940c 0000 	JMP  0x00
000026 940c 0000 	JMP  0x00
000028 940c 008b 	JMP  _usart0_rx_isr
00002a 940c 0000 	JMP  0x00
00002c 940c 00ab 	JMP  _usart0_tx_isr
00002e 940c 0000 	JMP  0x00
000030 940c 0000 	JMP  0x00
000032 940c 0000 	JMP  0x00
000034 940c 0000 	JMP  0x00
000036 940c 0000 	JMP  0x00
000038 940c 0000 	JMP  0x00
00003a 940c 0000 	JMP  0x00
00003c 940c 0000 	JMP  0x00
                 
                 _tbl10_G100:
00003e 2710
00003f 03e8
000040 0064
000041 000a      	.DB  0x10,0x27,0xE8,0x3,0x64,0x0,0xA,0x0
000042 0001      	.DB  0x1,0x0
                 _tbl16_G100:
000043 1000
000044 0100
000045 0010
000046 0001      	.DB  0x0,0x10,0x0,0x1,0x10,0x0,0x1,0x0
                 
                 _0x2040060:
C:\Users\Florin\Desktop\v1\cc1.asm(1150): warning: .cseg .db misalignment - padding zero byte
000047 0001      	.DB  0x1
                 _0x2040000:
000048 4e2d
000049 4e41
00004a 4900
00004b 464e      	.DB  0x2D,0x4E,0x41,0x4E,0x0,0x49,0x4E,0x46
C:\Users\Florin\Desktop\v1\cc1.asm(1153): warning: .cseg .db misalignment - padding zero byte
00004c 0000      	.DB  0x0
                 
                 __GLOBAL_INI_TBL:
00004d 0001      	.DW  0x01
00004e 0210      	.DW  __seed_G102
00004f 008e      	.DW  _0x2040060*2
                 
                 _0xFFFFFFFF:
000050 0000      	.DW  0
                 
                 #define __GLOBAL_INI_TBL_PRESENT 1
                 
                 __RESET:
000051 94f8      	CLI
000052 27ee      	CLR  R30
000053 bbef      	OUT  EECR,R30
                 
                 ;INTERRUPT VECTORS ARE PLACED
                 ;AT THE START OF FLASH
000054 e0f1      	LDI  R31,1
000055 bff5      	OUT  MCUCR,R31
000056 bfe5      	OUT  MCUCR,R30
                 
                 ;DISABLE WATCHDOG
000057 e1f8      	LDI  R31,0x18
000058 95a8      	WDR
000059 b7a4      	IN   R26,MCUSR
00005a 7fa7      	CBR  R26,8
00005b bfa4      	OUT  MCUSR,R26
00005c 93f0 0060 	STS  WDTCSR,R31
00005e 93e0 0060 	STS  WDTCSR,R30
                 
                 ;CLEAR R2-R14
000060 e08d      	LDI  R24,(14-2)+1
000061 e0a2      	LDI  R26,2
000062 27bb      	CLR  R27
                 __CLEAR_REG:
000063 93ed      	ST   X+,R30
000064 958a      	DEC  R24
000065 f7e9      	BRNE __CLEAR_REG
                 
                 ;CLEAR SRAM
000066 e080      	LDI  R24,LOW(__CLEAR_SRAM_SIZE)
000067 e094      	LDI  R25,HIGH(__CLEAR_SRAM_SIZE)
000068 e0a0      	LDI  R26,LOW(__SRAM_START)
000069 e0b1      	LDI  R27,HIGH(__SRAM_START)
                 __CLEAR_SRAM:
00006a 93ed      	ST   X+,R30
00006b 9701      	SBIW R24,1
00006c f7e9      	BRNE __CLEAR_SRAM
                 
                 ;GLOBAL VARIABLES INITIALIZATION
00006d e9ea      	LDI  R30,LOW(__GLOBAL_INI_TBL*2)
00006e e0f0      	LDI  R31,HIGH(__GLOBAL_INI_TBL*2)
                 __GLOBAL_INI_NEXT:
00006f 9185      	LPM  R24,Z+
000070 9195      	LPM  R25,Z+
000071 9700      	SBIW R24,0
000072 f061      	BREQ __GLOBAL_INI_END
000073 91a5      	LPM  R26,Z+
000074 91b5      	LPM  R27,Z+
000075 9005      	LPM  R0,Z+
000076 9015      	LPM  R1,Z+
000077 01bf      	MOVW R22,R30
000078 01f0      	MOVW R30,R0
                 __GLOBAL_INI_LOOP:
000079 9005      	LPM  R0,Z+
00007a 920d      	ST   X+,R0
00007b 9701      	SBIW R24,1
00007c f7e1      	BRNE __GLOBAL_INI_LOOP
00007d 01fb      	MOVW R30,R22
00007e cff0      	RJMP __GLOBAL_INI_NEXT
                 __GLOBAL_INI_END:
                 
                 ;GPIOR0-GPIOR2 INITIALIZATION
00007f e0e0      	LDI  R30,__GPIOR0_INIT
000080 bbee      	OUT  GPIOR0,R30
                 	;__GPIOR1_INIT = __GPIOR0_INIT
000081 bdea      	OUT  GPIOR1,R30
                 	;__GPIOR2_INIT = __GPIOR0_INIT
000082 bdeb      	OUT  GPIOR2,R30
                 
                 ;HARDWARE STACK POINTER INITIALIZATION
000083 efef      	LDI  R30,LOW(__SRAM_END-__HEAP_SIZE)
000084 bfed      	OUT  SPL,R30
000085 e0e4      	LDI  R30,HIGH(__SRAM_END-__HEAP_SIZE)
000086 bfee      	OUT  SPH,R30
                 
                 ;DATA STACK POINTER INITIALIZATION
000087 e0c0      	LDI  R28,LOW(__SRAM_START+__DSTACK_SIZE)
000088 e0d2      	LDI  R29,HIGH(__SRAM_START+__DSTACK_SIZE)
                 
000089 940c 0163 	JMP  _main
                 
                 	.ESEG
                 	.ORG 1
                 
                 	.DSEG
                 	.ORG 0x200
                 
                 	.CSEG
                 ;/*********************************************
                 ;Project : Test software
                 ;**********************************************
                 ;Chip type: ATmega164A
                 ;Clock frequency: 20 MHz
                 ;Compilers:  CVAVR 2.x
                 ;*********************************************/
                 ;
                 ;#include <mega164a.h>
                 	#ifndef __SLEEP_DEFINED__
                 	#define __SLEEP_DEFINED__
                 	.EQU __se_bit=0x01
                 	.EQU __sm_mask=0x0E
                 	.EQU __sm_powerdown=0x04
                 	.EQU __sm_powersave=0x06
                 	.EQU __sm_standby=0x0C
                 	.EQU __sm_ext_standby=0x0E
                 	.EQU __sm_adc_noise_red=0x02
                 	.SET power_ctrl_reg=smcr
                 	#endif
                 ;
                 ;#include <stdio.h>
                 ;#include <delay.h>
                 ;#include <string.h>
                 ;#include <stdlib.h>
                 ;#include <stdint.h>
                 ;#include <i2c.h>
                 ;#include "defs.h"
                 ;
                 ;//*************************************************************************************************
                 ;//*********** BEGIN SERIAL STUFF (interrupt-driven, generated by Code Wizard) *********************
                 ;//*************************************************************************************************
                 ;
                 ;#ifndef RXB8
                 ;#define RXB8 1
                 ;#endif
                 ;
                 ;#ifndef TXB8
                 ;#define TXB8 0
                 ;#endif
                 ;
                 ;#ifndef UPE
                 ;#define UPE 2
                 ;#endif
                 ;
                 ;#ifndef DOR
                 ;#define DOR 3
                 ;#endif
                 ;
                 ;#ifndef FE
                 ;#define FE 4
                 ;#endif
                 ;
                 ;#ifndef UDRE
                 ;#define UDRE 5
                 ;#endif
                 ;
                 ;#ifndef RXC
                 ;#define RXC 7
                 ;#endif
                 ;
                 ;#define FRAMING_ERROR (1<<FE)
                 ;#define PARITY_ERROR (1<<UPE)
                 ;#define DATA_OVERRUN (1<<DOR)
                 ;#define DATA_REGISTER_EMPTY (1<<UDRE)
                 ;#define RX_COMPLETE (1<<RXC)
                 ;
                 ;// USART0 Receiver buffer
                 ;#define RX_BUFFER_SIZE0 8
                 ;char rx_buffer0[RX_BUFFER_SIZE0];
                 ;
                 ;#if RX_BUFFER_SIZE0 <= 256
                 ;unsigned char rx_wr_index0,rx_rd_index0,rx_counter0;
                 ;#else
                 ;unsigned int rx_wr_index0,rx_rd_index0,rx_counter0;
                 ;#endif
                 ;
                 ;// This flag is set on USART0 Receiver buffer overflow
                 ;bit rx_buffer_overflow0;
                 ;
                 ;// USART0 Receiver interrupt service routine
                 ;interrupt [USART0_RXC] void usart0_rx_isr(void)
                 ; 0000 0048 {
                 
                 	.CSEG
                 _usart0_rx_isr:
                 ; .FSTART _usart0_rx_isr
00008b 93ea      	ST   -Y,R30
00008c 93fa      	ST   -Y,R31
00008d b7ef      	IN   R30,SREG
00008e 93ea      	ST   -Y,R30
                 ; 0000 0049 char status,data;
                 ; 0000 004A status=UCSR0A;
00008f 931a      	ST   -Y,R17
000090 930a      	ST   -Y,R16
                 ;	status -> R17
                 ;	data -> R16
000091 9110 00c0 	LDS  R17,192
                 ; 0000 004B data=UDR0;
000093 9100 00c6 	LDS  R16,198
                 ; 0000 004C if ((status & (FRAMING_ERROR | PARITY_ERROR | DATA_OVERRUN))==0)
000095 2fe1      	MOV  R30,R17
000096 71ec      	ANDI R30,LOW(0x1C)
000097 f481      	BRNE _0x3
                 ; 0000 004D    {
                 ; 0000 004E    rx_buffer0[rx_wr_index0++]=data;
000098 2de3      	MOV  R30,R3
000099 9433      	INC  R3
00009a e0f0      	LDI  R31,0
00009b 50e0      	SUBI R30,LOW(-_rx_buffer0)
00009c 4ffe      	SBCI R31,HIGH(-_rx_buffer0)
00009d 8300      	ST   Z,R16
                 ; 0000 004F #if RX_BUFFER_SIZE0 == 256
                 ; 0000 0050    // special case for receiver buffer size=256
                 ; 0000 0051    if (++rx_counter0 == 0) rx_buffer_overflow0=1;
                 ; 0000 0052 #else
                 ; 0000 0053    if (rx_wr_index0 == RX_BUFFER_SIZE0) rx_wr_index0=0;
00009e e0e8      	LDI  R30,LOW(8)
00009f 15e3      	CP   R30,R3
0000a0 f409      	BRNE _0x4
0000a1 2433      	CLR  R3
                 ; 0000 0054    if (++rx_counter0 == RX_BUFFER_SIZE0)
                 _0x4:
0000a2 9453      	INC  R5
0000a3 e0e8      	LDI  R30,LOW(8)
0000a4 15e5      	CP   R30,R5
0000a5 f411      	BRNE _0x5
                 ; 0000 0055       {
                 ; 0000 0056       rx_counter0=0;
0000a6 2455      	CLR  R5
                 ; 0000 0057       rx_buffer_overflow0=1;
0000a7 9af0      	SBI  0x1E,0
                 ; 0000 0058       }
                 ; 0000 0059 #endif
                 ; 0000 005A    }
                 _0x5:
                 ; 0000 005B }
                 _0x3:
0000a8 9109      	LD   R16,Y+
0000a9 9119      	LD   R17,Y+
0000aa c013      	RJMP _0x2E
                 ; .FEND
                 ;
                 ;#ifndef _DEBUG_TERMINAL_IO_
                 ;// Get a character from the USART0 Receiver buffer
                 ;#define _ALTERNATE_GETCHAR_
                 ;#pragma used+
                 ;char getchar(void)
                 ; 0000 0062 {
                 ; 0000 0063 char data;
                 ; 0000 0064 while (rx_counter0==0);
                 ;	data -> R17
                 ; 0000 0065 data=rx_buffer0[rx_rd_index0++];
                 ; 0000 0066 #if RX_BUFFER_SIZE0 != 256
                 ; 0000 0067 if (rx_rd_index0 == RX_BUFFER_SIZE0) rx_rd_index0=0;
                 ; 0000 0068 #endif
                 ; 0000 0069 #asm("cli")
                 ; 0000 006A --rx_counter0;
                 ; 0000 006B #asm("sei")
                 ; 0000 006C return data;
                 ; 0000 006D }
                 ;#pragma used-
                 ;#endif
                 ;
                 ;// USART0 Transmitter buffer
                 ;#define TX_BUFFER_SIZE0 8
                 ;char tx_buffer0[TX_BUFFER_SIZE0];
                 ;
                 ;#if TX_BUFFER_SIZE0 <= 256
                 ;unsigned char tx_wr_index0,tx_rd_index0,tx_counter0;
                 ;#else
                 ;unsigned int tx_wr_index0,tx_rd_index0,tx_counter0;
                 ;#endif
                 ;
                 ;// USART0 Transmitter interrupt service routine
                 ;interrupt [USART0_TXC] void usart0_tx_isr(void)
                 ; 0000 007D {
                 _usart0_tx_isr:
                 ; .FSTART _usart0_tx_isr
0000ab 93ea      	ST   -Y,R30
0000ac 93fa      	ST   -Y,R31
0000ad b7ef      	IN   R30,SREG
0000ae 93ea      	ST   -Y,R30
                 ; 0000 007E if (tx_counter0)
0000af 2066      	TST  R6
0000b0 f069      	BREQ _0xC
                 ; 0000 007F    {
                 ; 0000 0080    --tx_counter0;
0000b1 946a      	DEC  R6
                 ; 0000 0081    UDR0=tx_buffer0[tx_rd_index0++];
0000b2 2de7      	MOV  R30,R7
0000b3 9473      	INC  R7
0000b4 e0f0      	LDI  R31,0
0000b5 5fe8      	SUBI R30,LOW(-_tx_buffer0)
0000b6 4ffd      	SBCI R31,HIGH(-_tx_buffer0)
0000b7 81e0      	LD   R30,Z
0000b8 93e0 00c6 	STS  198,R30
                 ; 0000 0082 #if TX_BUFFER_SIZE0 != 256
                 ; 0000 0083    if (tx_rd_index0 == TX_BUFFER_SIZE0) tx_rd_index0=0;
0000ba e0e8      	LDI  R30,LOW(8)
0000bb 15e7      	CP   R30,R7
0000bc f409      	BRNE _0xD
0000bd 2477      	CLR  R7
                 ; 0000 0084 #endif
                 ; 0000 0085    }
                 _0xD:
                 ; 0000 0086 }
                 _0xC:
                 _0x2E:
0000be 91e9      	LD   R30,Y+
0000bf bfef      	OUT  SREG,R30
0000c0 91f9      	LD   R31,Y+
0000c1 91e9      	LD   R30,Y+
0000c2 9518      	RETI
                 ; .FEND
                 ;
                 ;#ifndef _DEBUG_TERMINAL_IO_
                 ;// Write a character to the USART0 Transmitter buffer
                 ;#define _ALTERNATE_PUTCHAR_
                 ;#pragma used+
                 ;void putchar(char c)
                 ; 0000 008D {
                 _putchar:
                 ; .FSTART _putchar
                 ; 0000 008E while (tx_counter0 == TX_BUFFER_SIZE0);
0000c3 93aa      	ST   -Y,R26
                 ;	c -> Y+0
                 _0xE:
0000c4 e0e8      	LDI  R30,LOW(8)
0000c5 15e6      	CP   R30,R6
0000c6 f3e9      	BREQ _0xE
                 ; 0000 008F #asm("cli")
0000c7 94f8      	cli
                 ; 0000 0090 if (tx_counter0 || ((UCSR0A & DATA_REGISTER_EMPTY)==0))
0000c8 2066      	TST  R6
0000c9 f421      	BRNE _0x12
0000ca 91e0 00c0 	LDS  R30,192
0000cc 72e0      	ANDI R30,LOW(0x20)
0000cd f469      	BRNE _0x11
                 _0x12:
                 ; 0000 0091    {
                 ; 0000 0092    tx_buffer0[tx_wr_index0++]=c;
0000ce 2de4      	MOV  R30,R4
0000cf 9443      	INC  R4
0000d0 e0f0      	LDI  R31,0
0000d1 5fe8      	SUBI R30,LOW(-_tx_buffer0)
0000d2 4ffd      	SBCI R31,HIGH(-_tx_buffer0)
0000d3 81a8      	LD   R26,Y
0000d4 83a0      	STD  Z+0,R26
                 ; 0000 0093 #if TX_BUFFER_SIZE0 != 256
                 ; 0000 0094    if (tx_wr_index0 == TX_BUFFER_SIZE0) tx_wr_index0=0;
0000d5 e0e8      	LDI  R30,LOW(8)
0000d6 15e4      	CP   R30,R4
0000d7 f409      	BRNE _0x14
0000d8 2444      	CLR  R4
                 ; 0000 0095 #endif
                 ; 0000 0096    ++tx_counter0;
                 _0x14:
0000d9 9463      	INC  R6
                 ; 0000 0097    }
                 ; 0000 0098 else
0000da c003      	RJMP _0x15
                 _0x11:
                 ; 0000 0099    UDR0=c;
0000db 81e8      	LD   R30,Y
0000dc 93e0 00c6 	STS  198,R30
                 ; 0000 009A #asm("sei")
                 _0x15:
0000de 9478      	sei
                 ; 0000 009B }
0000df 9621      	ADIW R28,1
0000e0 9508      	RET
                 ; .FEND
                 ;#pragma used-
                 ;#endif
                 ;//*************************************************************************************************
                 ;//********************END SERIAL STUFF (USART0)  **************************************************
                 ;//*************************************************************************************************
                 ;//*******   if you need USART1, enable it in Code Wizard and copy coresponding code here  *********
                 ;//*************************************************************************************************
                 ;
                 ;/*
                 ; * Timer 1 Output Compare A interrupt is used to blink LED
                 ; */
                 ;interrupt [TIM1_COMPA] void timer1_compa_isr(void)
                 ; 0000 00A8 {
                 _timer1_compa_isr:
                 ; .FSTART _timer1_compa_isr
                 ; 0000 00A9 LED1 = ~LED1; // invert LED
0000e1 9b5e      	SBIS 0xB,6
0000e2 c002      	RJMP _0x16
0000e3 985e      	CBI  0xB,6
0000e4 c001      	RJMP _0x17
                 _0x16:
0000e5 9a5e      	SBI  0xB,6
                 _0x17:
                 ; 0000 00AA }
0000e6 9518      	RETI
                 ; .FEND
                 ;
                 ;//unsigned char AdresaNebuna = 0x3F;
                 ;//unsigned char ComandaFantastica = 0x08;
                 ;
                 ;/*interrupt [TWI]    void i2c_isr(void)
                 ;{
                 ;    if(StareI2c == 0){    //s-a trimis start, fa setup pentru adresa
                 ;       StareI2c = 1;
                 ;       LED1 = 1;
                 ;       TWDR = AdresaNebuna;
                 ;    }
                 ;    else if(StareI2c == 1){//s-a trimis adresa, fa setup pentru stop
                 ;        StareI2c = 2;
                 ;        LED1 = 0;
                 ;        TWCR |= (1<<TWSTO);
                 ;    }
                 ;    else{
                 ;        StareI2c = 0;
                 ;    }
                 ;
                 ;}    */
                 ;
                 ;/*
                 ; * main function of program
                 ; */
                 ;unsigned short ButoaneUpdate(){
                 ; 0000 00C4 unsigned short ButoaneUpdate(){
                 _ButoaneUpdate:
                 ; .FSTART _ButoaneUpdate
                 ; 0000 00C5     volatile unsigned short StareButoane = 0x00, i;
                 ; 0000 00C6     volatile unsigned char aux;
                 ; 0000 00C7 
                 ; 0000 00C8     PORTA = (1<<PINA4);// & 0xF0;
0000e7 9725      	SBIW R28,5
0000e8 e0e0      	LDI  R30,LOW(0)
0000e9 83eb      	STD  Y+3,R30
0000ea 83ec      	STD  Y+4,R30
                 ;	StareButoane -> Y+3
                 ;	i -> Y+1
                 ;	aux -> Y+0
0000eb e1e0      	LDI  R30,LOW(16)
0000ec 940e 01d8 	CALL SUBOPT_0x0
                 ; 0000 00C9     DDRA = 0xFF;
                 ; 0000 00CA     delay_us(1);
                 ; 0000 00CB     DDRA = (1<<PINA4);
0000ee e1e0      	LDI  R30,LOW(16)
0000ef 940e 01df 	CALL SUBOPT_0x1
                 ; 0000 00CC     for(i=0; i<10;i++){
                 _0x19:
0000f1 81a9      	LDD  R26,Y+1
0000f2 81ba      	LDD  R27,Y+1+1
0000f3 971a      	SBIW R26,10
0000f4 f428      	BRSH _0x1A
                 ; 0000 00CD         aux = PINA;
0000f5 b1e0      	IN   R30,0x0
0000f6 83e8      	ST   Y,R30
                 ; 0000 00CE     }
0000f7 940e 01e4 	CALL SUBOPT_0x2
0000f9 cff7      	RJMP _0x19
                 _0x1A:
                 ; 0000 00CF     StareButoane |= (unsigned short)(aux & ((1<<PINA0) | (1<<PINA1) | (1<< PINA2) | (1<<PINA3)));
0000fa 81e8      	LD   R30,Y
0000fb 70ef      	ANDI R30,LOW(0xF)
0000fc e0f0      	LDI  R31,0
0000fd 940e 01ea 	CALL SUBOPT_0x3
                 ; 0000 00D0 
                 ; 0000 00D1     PORTA = (1<<PINA5);// & 0xF0;
0000ff e2e0      	LDI  R30,LOW(32)
000100 940e 01d8 	CALL SUBOPT_0x0
                 ; 0000 00D2     DDRA = 0xFF;
                 ; 0000 00D3     delay_us(1);
                 ; 0000 00D4     DDRA = (1<<PINA5);
000102 e2e0      	LDI  R30,LOW(32)
000103 940e 01df 	CALL SUBOPT_0x1
                 ; 0000 00D5     for(i=0; i<10;i++){
                 _0x1C:
000105 81a9      	LDD  R26,Y+1
000106 81ba      	LDD  R27,Y+1+1
000107 971a      	SBIW R26,10
000108 f428      	BRSH _0x1D
                 ; 0000 00D6         aux = PINA;
000109 b1e0      	IN   R30,0x0
00010a 83e8      	ST   Y,R30
                 ; 0000 00D7     }
00010b 940e 01e4 	CALL SUBOPT_0x2
00010d cff7      	RJMP _0x1C
                 _0x1D:
                 ; 0000 00D8     StareButoane |= (unsigned short)(aux & ((1<<PINA0) | (1<<PINA1) | (1<< PINA2) | (1<<PINA3))) << 4;
00010e 81e8      	LD   R30,Y
00010f 70ef      	ANDI R30,LOW(0xF)
000110 e0f0      	LDI  R31,0
000111 940e 01fb 	CALL __LSLW4
000113 940e 01ea 	CALL SUBOPT_0x3
                 ; 0000 00D9 
                 ; 0000 00DA     PORTA = (1<<PINA6);// & 0xF0;
000115 e4e0      	LDI  R30,LOW(64)
000116 940e 01d8 	CALL SUBOPT_0x0
                 ; 0000 00DB     DDRA = 0xFF;
                 ; 0000 00DC     delay_us(1);
                 ; 0000 00DD     DDRA = (1<<PINA6);
000118 e4e0      	LDI  R30,LOW(64)
000119 940e 01df 	CALL SUBOPT_0x1
                 ; 0000 00DE     for(i=0; i<10;i++){
                 _0x1F:
00011b 81a9      	LDD  R26,Y+1
00011c 81ba      	LDD  R27,Y+1+1
00011d 971a      	SBIW R26,10
00011e f428      	BRSH _0x20
                 ; 0000 00DF         aux = PINA;
00011f b1e0      	IN   R30,0x0
000120 83e8      	ST   Y,R30
                 ; 0000 00E0     }
000121 940e 01e4 	CALL SUBOPT_0x2
000123 cff7      	RJMP _0x1F
                 _0x20:
                 ; 0000 00E1     StareButoane |= (unsigned short)(aux & ((1<<PINA0) | (1<<PINA1) | (1<< PINA2) | (1<<PINA3))) << 8;
000124 81e8      	LD   R30,Y
000125 70ef      	ANDI R30,LOW(0xF)
000126 2ffe      	MOV  R31,R30
000127 e0e0      	LDI  R30,0
000128 940e 01ea 	CALL SUBOPT_0x3
                 ; 0000 00E2 
                 ; 0000 00E3     PORTA = (1<<PINA7);// & 0xF0;
00012a e8e0      	LDI  R30,LOW(128)
00012b 940e 01d8 	CALL SUBOPT_0x0
                 ; 0000 00E4     DDRA = 0xFF;
                 ; 0000 00E5     delay_us(1);
                 ; 0000 00E6     DDRA = (1<<PINA7);
00012d e8e0      	LDI  R30,LOW(128)
00012e 940e 01df 	CALL SUBOPT_0x1
                 ; 0000 00E7     for(i=0; i<10;i++){
                 _0x22:
000130 81a9      	LDD  R26,Y+1
000131 81ba      	LDD  R27,Y+1+1
000132 971a      	SBIW R26,10
000133 f428      	BRSH _0x23
                 ; 0000 00E8         aux = PINA;
000134 b1e0      	IN   R30,0x0
000135 83e8      	ST   Y,R30
                 ; 0000 00E9     }
000136 940e 01e4 	CALL SUBOPT_0x2
000138 cff7      	RJMP _0x22
                 _0x23:
                 ; 0000 00EA     PORTA = 0;
000139 e0e0      	LDI  R30,LOW(0)
00013a b9e2      	OUT  0x2,R30
                 ; 0000 00EB     StareButoane |= (unsigned short)(aux & ((1<<PINA0) | (1<<PINA1) | (1<< PINA2) | (1<<PINA3))) << 12;
00013b 81e8      	LD   R30,Y
00013c 70ef      	ANDI R30,LOW(0xF)
00013d e0f0      	LDI  R31,0
00013e 940e 01fb 	CALL __LSLW4
000140 2ffe      	MOV  R31,R30
000141 e0e0      	LDI  R30,0
000142 940e 01ea 	CALL SUBOPT_0x3
                 ; 0000 00EC 
                 ; 0000 00ED     return StareButoane;
000144 81eb      	LDD  R30,Y+3
000145 81fc      	LDD  R31,Y+3+1
000146 9625      	ADIW R28,5
000147 9508      	RET
                 ; 0000 00EE }
                 ; .FEND
                 ;
                 ;void TrimiteButoane(unsigned short Butoane){
                 ; 0000 00F0 void TrimiteButoane(unsigned short Butoane){
                 _TrimiteButoane:
                 ; .FSTART _TrimiteButoane
                 ; 0000 00F1     unsigned char i;
                 ; 0000 00F2     for(i = 0; i < 16; i++){
000148 93ba      	ST   -Y,R27
000149 93aa      	ST   -Y,R26
00014a 931a      	ST   -Y,R17
                 ;	Butoane -> Y+1
                 ;	i -> R17
00014b e010      	LDI  R17,LOW(0)
                 _0x25:
00014c 3110      	CPI  R17,16
00014d f480      	BRSH _0x26
                 ; 0000 00F3         if(Butoane % 2 == 1){
00014e 81e9      	LDD  R30,Y+1
00014f 81fa      	LDD  R31,Y+1+1
000150 70e1      	ANDI R30,LOW(0x1)
000151 30e1      	CPI  R30,LOW(0x1)
000152 f419      	BRNE _0x27
                 ; 0000 00F4             putchar(i + 'a');
000153 2fa1      	MOV  R26,R17
000154 59af      	SUBI R26,-LOW(97)
000155 df6d      	RCALL _putchar
                 ; 0000 00F5         }
                 ; 0000 00F6         Butoane /= 2;
                 _0x27:
000156 81e9      	LDD  R30,Y+1
000157 81fa      	LDD  R31,Y+1+1
000158 95f6      	LSR  R31
000159 95e7      	ROR  R30
00015a 83e9      	STD  Y+1,R30
00015b 83fa      	STD  Y+1+1,R31
                 ; 0000 00F7     }
00015c 5f1f      	SUBI R17,-1
00015d cfee      	RJMP _0x25
                 _0x26:
                 ; 0000 00F8     putchar(' ');
00015e e2a0      	LDI  R26,LOW(32)
00015f df63      	RCALL _putchar
                 ; 0000 00F9 }
000160 8118      	LDD  R17,Y+0
000161 9623      	ADIW R28,3
000162 9508      	RET
                 ; .FEND
                 ;void main (void)
                 ; 0000 00FB {
                 _main:
                 ; .FSTART _main
                 ; 0000 00FC unsigned short butoane;
                 ; 0000 00FD 	Init_initController();  // this must be the first "init" action/call!
                 ;	butoane -> R16,R17
000163 d00c      	RCALL _Init_initController
                 ; 0000 00FE 	#asm("sei")             // enable interrupts
000164 9478      	sei
                 ; 0000 00FF 	LED1 = 1;           	// initial state, will be changed by timer 1
000165 9a5e      	SBI  0xB,6
                 ; 0000 0100     //putchar(AdresaNebuna);
                 ; 0000 0101     //DDRC &= (1<<0) | (1<<1);
                 ; 0000 0102     //PORTC=(1<<0) | (1<<1);
                 ; 0000 0103     //TWBR = (1<<6) & (1<<3);
                 ; 0000 0104     //TWCR = (1<<TWIE);
                 ; 0000 0105    // ButoaneInit();
                 ; 0000 0106 
                 ; 0000 0107 
                 ; 0000 0108 	while(TRUE)
                 _0x2A:
                 ; 0000 0109 	{
                 ; 0000 010A         //LED1 = ~LED1;
                 ; 0000 010B         delay_ms(1);
000166 e0a1      	LDI  R26,LOW(1)
000167 e0b0      	LDI  R27,0
000168 940e 01f1 	CALL _delay_ms
                 ; 0000 010C         butoane = ButoaneUpdate();
00016a df7c      	RCALL _ButoaneUpdate
00016b 018f      	MOVW R16,R30
                 ; 0000 010D         TrimiteButoane(butoane);
00016c 01d8      	MOVW R26,R16
00016d dfda      	RCALL _TrimiteButoane
                 ; 0000 010E         //ComandaFantastica = 0x0F;
                 ; 0000 010F         //TWDR = AdresaNebuna;
                 ; 0000 0110         //TWCR |= (1<<TWEN) | (1<<TWSTA);
                 ; 0000 0111     }
00016e cff7      	RJMP _0x2A
                 ; 0000 0112 
                 ; 0000 0113 
                 ; 0000 0114 }// end main loop
                 _0x2D:
00016f cfff      	RJMP _0x2D
                 ; .FEND
                 ;
                 ;
                 ;/* initialization file */
                 ;
                 ;#include <mega164a.h>
                 	#ifndef __SLEEP_DEFINED__
                 	#endif
                 ;#include "defs.h"
                 ;
                 ;
                 ;/*
                 ; * most intialization values are generated using Code Wizard and depend on clock value
                 ; */
                 ;void Init_initController(void)
                 ; 0001 000B {
                 
                 	.CSEG
                 _Init_initController:
                 ; .FSTART _Init_initController
                 ; 0001 000C // Crystal Oscillator division factor: 1
                 ; 0001 000D #pragma optsize-
                 ; 0001 000E CLKPR=0x80;
000170 e8e0      	LDI  R30,LOW(128)
000171 93e0 0061 	STS  97,R30
                 ; 0001 000F CLKPR=0x00;
000173 e0e0      	LDI  R30,LOW(0)
000174 93e0 0061 	STS  97,R30
                 ; 0001 0010 #ifdef _OPTIMIZE_SIZE_
                 ; 0001 0011 #pragma optsize+
                 ; 0001 0012 #endif
                 ; 0001 0013 
                 ; 0001 0014 // Input/Output Ports initialization
                 ; 0001 0015 // Port A initialization
                 ; 0001 0016 // Func7=In Func6=In Func5=In Func4=In Func3=In Func2=In Func1=In Func0=In
                 ; 0001 0017 // State7=T State6=T State5=T State4=T State3=T State2=T State1=T State0=T
                 ; 0001 0018 PORTA=0x00;
000176 b9e2      	OUT  0x2,R30
                 ; 0001 0019 DDRA=0x00;
000177 b9e1      	OUT  0x1,R30
                 ; 0001 001A 
                 ; 0001 001B // Port B initialization
                 ; 0001 001C PORTB=0x00;
000178 b9e5      	OUT  0x5,R30
                 ; 0001 001D DDRB=0x00;
000179 b9e4      	OUT  0x4,R30
                 ; 0001 001E 
                 ; 0001 001F // Port C initialization
                 ; 0001 0020 PORTC=0x00;
00017a b9e8      	OUT  0x8,R30
                 ; 0001 0021 DDRC=0x00;
00017b b9e7      	OUT  0x7,R30
                 ; 0001 0022 
                 ; 0001 0023 // Port D initialization
                 ; 0001 0024 PORTD=0b00100000; // D.5 needs pull-up resistor
00017c e2e0      	LDI  R30,LOW(32)
00017d b9eb      	OUT  0xB,R30
                 ; 0001 0025 DDRD= 0b01010000; // D.6 is LED, D.4 is test output
00017e e5e0      	LDI  R30,LOW(80)
00017f b9ea      	OUT  0xA,R30
                 ; 0001 0026 
                 ; 0001 0027 // Timer/Counter 0 initialization
                 ; 0001 0028 // Clock source: System Clock
                 ; 0001 0029 // Clock value: Timer 0 Stopped
                 ; 0001 002A // Mode: Normal top=FFh
                 ; 0001 002B // OC0 output: Disconnected
                 ; 0001 002C TCCR0A=0x00;
000180 e0e0      	LDI  R30,LOW(0)
000181 bde4      	OUT  0x24,R30
                 ; 0001 002D TCCR0B=0x00;
000182 bde5      	OUT  0x25,R30
                 ; 0001 002E TCNT0=0x00;
000183 bde6      	OUT  0x26,R30
                 ; 0001 002F OCR0A=0x00;
000184 bde7      	OUT  0x27,R30
                 ; 0001 0030 OCR0B=0x00;
000185 bde8      	OUT  0x28,R30
                 ; 0001 0031 
                 ; 0001 0032 // Timer/Counter 1 initialization
                 ; 0001 0033 // Clock source: System Clock
                 ; 0001 0034 // Clock value: 19.531 kHz = CLOCK/256
                 ; 0001 0035 // Mode: CTC top=OCR1A
                 ; 0001 0036 // OC1A output: Discon.
                 ; 0001 0037 // OC1B output: Discon.
                 ; 0001 0038 // Noise Canceler: Off
                 ; 0001 0039 // Input Capture on Falling Edge
                 ; 0001 003A // Timer 1 Overflow Interrupt: Off
                 ; 0001 003B // Input Capture Interrupt: Off
                 ; 0001 003C // Compare A Match Interrupt: On
                 ; 0001 003D // Compare B Match Interrupt: Off
                 ; 0001 003E 
                 ; 0001 003F TCCR1A=0x00;
000186 93e0 0080 	STS  128,R30
                 ; 0001 0040 TCCR1B=0x0D;
000188 e0ed      	LDI  R30,LOW(13)
000189 93e0 0081 	STS  129,R30
                 ; 0001 0041 TCNT1H=0x00;
00018b e0e0      	LDI  R30,LOW(0)
00018c 93e0 0085 	STS  133,R30
                 ; 0001 0042 TCNT1L=0x00;
00018e 93e0 0084 	STS  132,R30
                 ; 0001 0043 ICR1H=0x00;
000190 93e0 0087 	STS  135,R30
                 ; 0001 0044 ICR1L=0x00;
000192 93e0 0086 	STS  134,R30
                 ; 0001 0045 
                 ; 0001 0046 // 1 sec = 19531 counts = 4C41H counts, from 0 to 4C40
                 ; 0001 0047 // 4C40H = 4CH (MSB) and 40H (LSB)
                 ; 0001 0048 OCR1AH=0x4C;
000194 e4ec      	LDI  R30,LOW(76)
000195 93e0 0089 	STS  137,R30
                 ; 0001 0049 OCR1AL=0x40;
000197 e4e0      	LDI  R30,LOW(64)
000198 93e0 0088 	STS  136,R30
                 ; 0001 004A 
                 ; 0001 004B OCR1BH=0x00;
00019a e0e0      	LDI  R30,LOW(0)
00019b 93e0 008b 	STS  139,R30
                 ; 0001 004C OCR1BL=0x00;
00019d 93e0 008a 	STS  138,R30
                 ; 0001 004D 
                 ; 0001 004E // Timer/Counter 2 initialization
                 ; 0001 004F // Clock source: System Clock
                 ; 0001 0050 // Clock value: Timer2 Stopped
                 ; 0001 0051 // Mode: Normal top=0xFF
                 ; 0001 0052 // OC2A output: Disconnected
                 ; 0001 0053 // OC2B output: Disconnected
                 ; 0001 0054 ASSR=0x00;
00019f 93e0 00b6 	STS  182,R30
                 ; 0001 0055 TCCR2A=0x00;
0001a1 93e0 00b0 	STS  176,R30
                 ; 0001 0056 TCCR2B=0x00;
0001a3 93e0 00b1 	STS  177,R30
                 ; 0001 0057 TCNT2=0x00;
0001a5 93e0 00b2 	STS  178,R30
                 ; 0001 0058 OCR2A=0x00;
0001a7 93e0 00b3 	STS  179,R30
                 ; 0001 0059 OCR2B=0x00;
0001a9 93e0 00b4 	STS  180,R30
                 ; 0001 005A 
                 ; 0001 005B // External Interrupt(s) initialization
                 ; 0001 005C // INT0: Off
                 ; 0001 005D // INT1: Off
                 ; 0001 005E // INT2: Off
                 ; 0001 005F // Interrupt on any change on pins PCINT0-7: Off
                 ; 0001 0060 // Interrupt on any change on pins PCINT8-15: Off
                 ; 0001 0061 // Interrupt on any change on pins PCINT16-23: Off
                 ; 0001 0062 // Interrupt on any change on pins PCINT24-31: Off
                 ; 0001 0063 EICRA=0x00;
0001ab 93e0 0069 	STS  105,R30
                 ; 0001 0064 EIMSK=0x00;
0001ad bbed      	OUT  0x1D,R30
                 ; 0001 0065 PCICR=0x00;
0001ae 93e0 0068 	STS  104,R30
                 ; 0001 0066 
                 ; 0001 0067 // Timer/Counter 0,1,2 Interrupt(s) initialization
                 ; 0001 0068 TIMSK0=0x00;
0001b0 93e0 006e 	STS  110,R30
                 ; 0001 0069 TIMSK1=0x02;
0001b2 e0e2      	LDI  R30,LOW(2)
0001b3 93e0 006f 	STS  111,R30
                 ; 0001 006A TIMSK2=0x00;
0001b5 e0e0      	LDI  R30,LOW(0)
0001b6 93e0 0070 	STS  112,R30
                 ; 0001 006B 
                 ; 0001 006C // USART0 initialization
                 ; 0001 006D // Communication Parameters: 8 Data, 1 Stop, No Parity
                 ; 0001 006E // USART0 Receiver: On
                 ; 0001 006F // USART0 Transmitter: On
                 ; 0001 0070 // USART0 Mode: Asynchronous
                 ; 0001 0071 // USART0 Baud rate: 9600
                 ; 0001 0072 UCSR0A=0x00;
0001b8 93e0 00c0 	STS  192,R30
                 ; 0001 0073 UCSR0B=0xD8;
0001ba ede8      	LDI  R30,LOW(216)
0001bb 93e0 00c1 	STS  193,R30
                 ; 0001 0074 UCSR0C=0x06;
0001bd e0e6      	LDI  R30,LOW(6)
0001be 93e0 00c2 	STS  194,R30
                 ; 0001 0075 UBRR0H=0x00;
0001c0 e0e0      	LDI  R30,LOW(0)
0001c1 93e0 00c5 	STS  197,R30
                 ; 0001 0076 UBRR0L=0x81;
0001c3 e8e1      	LDI  R30,LOW(129)
0001c4 93e0 00c4 	STS  196,R30
                 ; 0001 0077 
                 ; 0001 0078 // USART1 initialization
                 ; 0001 0079 // USART1 disabled
                 ; 0001 007A UCSR1B=0x00;
0001c6 e0e0      	LDI  R30,LOW(0)
0001c7 93e0 00c9 	STS  201,R30
                 ; 0001 007B 
                 ; 0001 007C 
                 ; 0001 007D // Analog Comparator initialization
                 ; 0001 007E // Analog Comparator: Off
                 ; 0001 007F // Analog Comparator Input Capture by Timer/Counter 1: Off
                 ; 0001 0080 ACSR=0x80;
0001c9 e8e0      	LDI  R30,LOW(128)
0001ca bfe0      	OUT  0x30,R30
                 ; 0001 0081 ADCSRB=0x00;
0001cb e0e0      	LDI  R30,LOW(0)
0001cc 93e0 007b 	STS  123,R30
                 ; 0001 0082 DIDR1=0x00;
0001ce 93e0 007f 	STS  127,R30
                 ; 0001 0083 
                 ; 0001 0084 // Watchdog Timer initialization
                 ; 0001 0085 // Watchdog Timer Prescaler: OSC/2048
                 ; 0001 0086 #pragma optsize-
                 ; 0001 0087 #asm("wdr")
0001d0 95a8      	wdr
                 ; 0001 0088 // Write 2 consecutive values to enable watchdog
                 ; 0001 0089 // this is NOT a mistake !
                 ; 0001 008A WDTCSR=0x10;
0001d1 e1e0      	LDI  R30,LOW(16)
0001d2 93e0 0060 	STS  96,R30
                 ; 0001 008B WDTCSR=0x00;
0001d4 e0e0      	LDI  R30,LOW(0)
0001d5 93e0 0060 	STS  96,R30
                 ; 0001 008C #ifdef _OPTIMIZE_SIZE_
                 ; 0001 008D #pragma optsize+
                 ; 0001 008E #endif
                 ; 0001 008F 
                 ; 0001 0090 }
0001d7 9508      	RET
                 ; .FEND
                 ;
                 ;
                 ;
                 	#ifndef __SLEEP_DEFINED__
                 	#endif
                 
                 	.CSEG
                 
                 	.CSEG
                 
                 	.CSEG
                 
                 	.DSEG
                 
                 	.CSEG
                 
                 	.CSEG
                 
                 	.CSEG
                 
                 	.DSEG
                 _rx_buffer0:
000200           	.BYTE 0x8
                 _tx_buffer0:
000208           	.BYTE 0x8
                 __seed_G102:
000210           	.BYTE 0x4
                 
                 	.CSEG
                 ;OPTIMIZER ADDED SUBROUTINE, CALLED 4 TIMES, CODE SIZE REDUCTION:9 WORDS
                 SUBOPT_0x0:
0001d8 b9e2      	OUT  0x2,R30
0001d9 efef      	LDI  R30,LOW(255)
0001da b9e1      	OUT  0x1,R30
                +
0001db e087     +LDI R24 , LOW ( 7 )
                +__DELAY_USB_LOOP :
0001dc 958a     +DEC R24
0001dd f7f1     +BRNE __DELAY_USB_LOOP
                 	__DELAY_USB 7
0001de 9508      	RET
                 
                 ;OPTIMIZER ADDED SUBROUTINE, CALLED 4 TIMES, CODE SIZE REDUCTION:3 WORDS
                 SUBOPT_0x1:
0001df b9e1      	OUT  0x1,R30
0001e0 e0e0      	LDI  R30,LOW(0)
0001e1 83e9      	STD  Y+1,R30
0001e2 83ea      	STD  Y+1+1,R30
0001e3 9508      	RET
                 
                 ;OPTIMIZER ADDED SUBROUTINE, CALLED 4 TIMES, CODE SIZE REDUCTION:6 WORDS
                 SUBOPT_0x2:
0001e4 81e9      	LDD  R30,Y+1
0001e5 81fa      	LDD  R31,Y+1+1
0001e6 9631      	ADIW R30,1
0001e7 83e9      	STD  Y+1,R30
0001e8 83fa      	STD  Y+1+1,R31
0001e9 9508      	RET
                 
                 ;OPTIMIZER ADDED SUBROUTINE, CALLED 4 TIMES, CODE SIZE REDUCTION:9 WORDS
                 SUBOPT_0x3:
0001ea 81ab      	LDD  R26,Y+3
0001eb 81bc      	LDD  R27,Y+3+1
0001ec 2bea      	OR   R30,R26
0001ed 2bfb      	OR   R31,R27
0001ee 83eb      	STD  Y+3,R30
0001ef 83fc      	STD  Y+3+1,R31
0001f0 9508      	RET
                 
                 
                 	.CSEG
                 _delay_ms:
0001f1 9610      	adiw r26,0
0001f2 f039      	breq __delay_ms1
                 __delay_ms0:
                +
0001f3 e888     +LDI R24 , LOW ( 0x1388 )
0001f4 e193     +LDI R25 , HIGH ( 0x1388 )
                +__DELAY_USW_LOOP :
0001f5 9701     +SBIW R24 , 1
0001f6 f7f1     +BRNE __DELAY_USW_LOOP
                 	__DELAY_USW 0x1388
0001f7 95a8      	wdr
0001f8 9711      	sbiw r26,1
0001f9 f7c9      	brne __delay_ms0
                 __delay_ms1:
0001fa 9508      	ret
                 
                 __LSLW4:
0001fb 0fee      	LSL  R30
0001fc 1fff      	ROL  R31
                 __LSLW3:
0001fd 0fee      	LSL  R30
0001fe 1fff      	ROL  R31
                 __LSLW2:
0001ff 0fee      	LSL  R30
000200 1fff      	ROL  R31
000201 0fee      	LSL  R30
000202 1fff      	ROL  R31
000203 9508      	RET
                 
                 ;END OF CODE MARKER
                 __END_OF_CODE:


RESOURCE USE INFORMATION
------------------------

Notice:
The register and instruction counts are symbol table hit counts,
and hence implicitly used resources are not counted, eg, the
'lpm' instruction without operands implicitly uses r0 and z,
none of which are counted.

x,y,z are separate entities in the symbol table and are
counted separately from r26..r31 here.

.dseg memory usage only counts static data declared with .byte

ATmega164A register use summary:
r0 :   4 r1 :   1 r2 :   0 r3 :   4 r4 :   4 r5 :   3 r6 :   5 r7 :   4 
r8 :   0 r9 :   0 r10:   0 r11:   0 r12:   0 r13:   0 r14:   0 r15:   0 
r16:   6 r17:  10 r18:   0 r19:   0 r20:   0 r21:   0 r22:   2 r23:   0 
r24:  11 r25:   3 r26:  27 r27:  11 r28:   5 r29:   1 r30: 177 r31:  32 
x  :   3 y  :  56 z  :  10 
Registers used: 21 out of 35 (60.0%)

ATmega164A instruction use summary:
.lds  :   0 .lds.l:   0 .sts  :   0 .sts.l:   0 adc   :   0 add   :   0 
adiw  :   5 and   :   0 andi  :   7 asr   :   0 bclr  :   0 bld   :   0 
brbc  :   0 brbs  :   0 brcc  :   0 brcs  :   0 break :   0 breq  :   4 
brge  :   0 brhc  :   0 brhs  :   0 brid  :   0 brie  :   0 brlo  :   0 
brlt  :   0 brmi  :   0 brne  :  14 brpl  :   0 brsh  :   5 brtc  :   0 
brts  :   0 brvc  :   0 brvs  :   0 bset  :   0 bst   :   0 call  :  19 
cbi   :   1 cbr   :   1 clc   :   0 clh   :   0 cli   :   2 cln   :   0 
clr   :   6 cls   :   0 clt   :   0 clv   :   0 clz   :   0 com   :   0 
cp    :   5 cpc   :   0 cpi   :   2 cpse  :   0 dec   :   3 des   :   0 
eor   :   0 fmul  :   0 fmuls :   0 fmulsu:   0 icall :   0 ijmp  :   0 
in    :   7 inc   :   5 jmp   :  32 ld    :  12 ldd   :  19 ldi   :  68 
lds   :   3 lpm   :   7 lsl   :   4 lsr   :   1 mov   :   7 movw  :   5 
mul   :   0 muls  :   0 mulsu :   0 neg   :   0 nop   :   0 or    :   2 
ori   :   0 out   :  29 pop   :   0 push  :   0 rcall :   5 ret   :  10 
reti  :   2 rjmp  :  12 rol   :   4 ror   :   1 sbc   :   0 sbci  :   3 
sbi   :   3 sbic  :   0 sbis  :   1 sbiw  :  10 sbr   :   0 sbrc  :   0 
sbrs  :   0 sec   :   0 seh   :   0 sei   :   2 sen   :   0 ser   :   0 
ses   :   0 set   :   0 sev   :   0 sez   :   0 sleep :   0 spm   :   0 
st    :  20 std   :  11 sts   :  37 sub   :   0 subi  :   5 swap  :   0 
tst   :   2 wdr   :   3 
Instructions used: 44 out of 116 (37.9%)

ATmega164A memory use summary [bytes]:
Segment   Begin    End      Code   Data   Used    Size   Use%
---------------------------------------------------------------
[.cseg] 0x000000 0x000408    994     38   1032   16384   6.3%
[.dseg] 0x000100 0x000214      0     20     20    1024   2.0%
[.eseg] 0x000000 0x000001      0      0      0     512   0.0%

Assembly complete, 0 errors, 8 warnings
